<?xml version="1.0" encoding="UTF-8"?>
<coverage generated="1643649340575" clover="3.2.0">
  <project timestamp="1643649340575" name="All files">
    <metrics statements="27" coveredstatements="16" conditionals="8" coveredconditionals="1" methods="10" coveredmethods="1" elements="45" coveredelements="18" complexity="0" loc="27" ncloc="27" packages="4" files="7" classes="7"/>
    <package name="assets.Icons">
      <metrics statements="4" coveredstatements="2" conditionals="2" coveredconditionals="0" methods="2" coveredmethods="0"/>
      <file name="DecrementIcon.js" path="/Users/angelofonseca/Documents/Projetos/frontend-test-master/src/assets/Icons/DecrementIcon.js">
        <metrics statements="2" coveredstatements="1" conditionals="1" coveredconditionals="0" methods="1" coveredmethods="0"/>
        <line num="3" count="1" type="cond" truecount="0" falsecount="1"/>
        <line num="4" count="0" type="stmt"/>
      </file>
      <file name="IncrementIcon.js" path="/Users/angelofonseca/Documents/Projetos/frontend-test-master/src/assets/Icons/IncrementIcon.js">
        <metrics statements="2" coveredstatements="1" conditionals="1" coveredconditionals="0" methods="1" coveredmethods="0"/>
        <line num="3" count="1" type="cond" truecount="0" falsecount="1"/>
        <line num="4" count="0" type="stmt"/>
      </file>
    </package>
    <package name="components.atoms.Number">
      <metrics statements="3" coveredstatements="2" conditionals="0" coveredconditionals="0" methods="1" coveredmethods="0"/>
      <file name="index.js" path="/Users/angelofonseca/Documents/Projetos/frontend-test-master/src/components/atoms/Number/index.js">
        <metrics statements="2" coveredstatements="1" conditionals="0" coveredconditionals="0" methods="1" coveredmethods="0"/>
        <line num="4" count="1" type="stmt"/>
        <line num="5" count="0" type="stmt"/>
      </file>
      <file name="styles.js" path="/Users/angelofonseca/Documents/Projetos/frontend-test-master/src/components/atoms/Number/styles.js">
        <metrics statements="1" coveredstatements="1" conditionals="0" coveredconditionals="0" methods="0" coveredmethods="0"/>
        <line num="3" count="1" type="stmt"/>
      </file>
    </package>
    <package name="components.molecules.ListItem">
      <metrics statements="16" coveredstatements="10" conditionals="6" coveredconditionals="1" methods="5" coveredmethods="1"/>
      <file name="index.js" path="/Users/angelofonseca/Documents/Projetos/frontend-test-master/src/components/molecules/ListItem/index.js">
        <metrics statements="11" coveredstatements="6" conditionals="2" coveredconditionals="1" methods="4" coveredmethods="1"/>
        <line num="11" count="1" type="stmt"/>
        <line num="12" count="1" type="stmt"/>
        <line num="14" count="1" type="stmt"/>
        <line num="16" count="1" type="stmt"/>
        <line num="17" count="0" type="stmt"/>
        <line num="18" count="0" type="stmt"/>
        <line num="21" count="1" type="stmt"/>
        <line num="22" count="0" type="stmt"/>
        <line num="23" count="0" type="stmt"/>
        <line num="26" count="1" type="stmt"/>
        <line num="29" count="0" type="stmt"/>
      </file>
      <file name="styles.js" path="/Users/angelofonseca/Documents/Projetos/frontend-test-master/src/components/molecules/ListItem/styles.js">
        <metrics statements="5" coveredstatements="4" conditionals="4" coveredconditionals="0" methods="1" coveredmethods="0"/>
        <line num="3" count="1" type="stmt"/>
        <line num="6" count="0" type="stmt"/>
        <line num="12" count="1" type="stmt"/>
        <line num="20" count="1" type="stmt"/>
        <line num="26" count="1" type="stmt"/>
      </file>
    </package>
    <package name="context">
      <metrics statements="4" coveredstatements="2" conditionals="0" coveredconditionals="0" methods="2" coveredmethods="0"/>
      <file name="selected-item.js" path="/Users/angelofonseca/Documents/Projetos/frontend-test-master/src/context/selected-item.js">
        <metrics statements="4" coveredstatements="2" conditionals="0" coveredconditionals="0" methods="2" coveredmethods="0"/>
        <line num="3" count="1" type="stmt"/>
        <line num="5" count="1" type="stmt"/>
        <line num="6" count="0" type="stmt"/>
        <line num="8" count="0" type="stmt"/>
      </file>
    </package>
  </project>
</coverage>
