{"/Users/angelofonseca/Documents/Projetos/frontend-test-master/src/assets/Icons/DecrementIcon.js": {"path":"/Users/angelofonseca/Documents/Projetos/frontend-test-master/src/assets/Icons/DecrementIcon.js","statementMap":{"0":{"start":{"line":3,"column":22},"end":{"line":9,"column":1}},"1":{"start":{"line":4,"column":2},"end":{"line":8,"column":4}}},"fnMap":{"0":{"name":"(anonymous_0)","decl":{"start":{"line":3,"column":22},"end":{"line":3,"column":23}},"loc":{"start":{"line":3,"column":58},"end":{"line":9,"column":1}},"line":3}},"branchMap":{"0":{"loc":{"start":{"line":3,"column":25},"end":{"line":3,"column":51}},"type":"default-arg","locations":[{"start":{"line":3,"column":32},"end":{"line":3,"column":51}}],"line":3}},"s":{"0":1,"1":0},"f":{"0":0},"b":{"0":[0]},"_coverageSchema":"1a1c01bbd47fc00a2c39e90264f33305004495a9","hash":"2cd115ff66e3cf1c72d6ec2f82d4d8002ac075c6"}
,"/Users/angelofonseca/Documents/Projetos/frontend-test-master/src/assets/Icons/IncrementIcon.js": {"path":"/Users/angelofonseca/Documents/Projetos/frontend-test-master/src/assets/Icons/IncrementIcon.js","statementMap":{"0":{"start":{"line":3,"column":22},"end":{"line":16,"column":1}},"1":{"start":{"line":4,"column":2},"end":{"line":15,"column":4}}},"fnMap":{"0":{"name":"(anonymous_0)","decl":{"start":{"line":3,"column":22},"end":{"line":3,"column":23}},"loc":{"start":{"line":3,"column":58},"end":{"line":16,"column":1}},"line":3}},"branchMap":{"0":{"loc":{"start":{"line":3,"column":25},"end":{"line":3,"column":51}},"type":"default-arg","locations":[{"start":{"line":3,"column":32},"end":{"line":3,"column":51}}],"line":3}},"s":{"0":1,"1":0},"f":{"0":0},"b":{"0":[0]},"_coverageSchema":"1a1c01bbd47fc00a2c39e90264f33305004495a9","hash":"402ace3b8a127be686849c7c6d6dd9d424e9ddd7"}
,"/Users/angelofonseca/Documents/Projetos/frontend-test-master/src/components/atoms/Number/index.js": {"path":"/Users/angelofonseca/Documents/Projetos/frontend-test-master/src/components/atoms/Number/index.js","statementMap":{"0":{"start":{"line":4,"column":15},"end":{"line":6,"column":1}},"1":{"start":{"line":5,"column":2},"end":{"line":5,"column":48}}},"fnMap":{"0":{"name":"(anonymous_0)","decl":{"start":{"line":4,"column":15},"end":{"line":4,"column":16}},"loc":{"start":{"line":4,"column":30},"end":{"line":6,"column":1}},"line":4}},"branchMap":{},"s":{"0":1,"1":0},"f":{"0":0},"b":{},"_coverageSchema":"1a1c01bbd47fc00a2c39e90264f33305004495a9","hash":"8c5d5b0ac42f10d9ab1db4c115f459c12bde08d4"}
,"/Users/angelofonseca/Documents/Projetos/frontend-test-master/src/components/atoms/Number/styles.js": {"path":"/Users/angelofonseca/Documents/Projetos/frontend-test-master/src/components/atoms/Number/styles.js","statementMap":{"0":{"start":{"line":3,"column":27},"end":{"line":8,"column":1}}},"fnMap":{},"branchMap":{},"s":{"0":1},"f":{},"b":{},"_coverageSchema":"1a1c01bbd47fc00a2c39e90264f33305004495a9","hash":"aa1b7da0020ebd3b6064eb6b1d6f2a5c0fe0a769"}
,"/Users/angelofonseca/Documents/Projetos/frontend-test-master/src/components/molecules/ListItem/index.js": {"path":"/Users/angelofonseca/Documents/Projetos/frontend-test-master/src/components/molecules/ListItem/index.js","statementMap":{"0":{"start":{"line":11,"column":13},"end":{"line":42,"column":1}},"1":{"start":{"line":12,"column":32},"end":{"line":12,"column":57}},"2":{"start":{"line":14,"column":42},"end":{"line":14,"column":69}},"3":{"start":{"line":16,"column":26},"end":{"line":19,"column":3}},"4":{"start":{"line":17,"column":4},"end":{"line":17,"column":28}},"5":{"start":{"line":18,"column":4},"end":{"line":18,"column":39}},"6":{"start":{"line":21,"column":26},"end":{"line":24,"column":3}},"7":{"start":{"line":22,"column":4},"end":{"line":22,"column":28}},"8":{"start":{"line":23,"column":4},"end":{"line":23,"column":39}},"9":{"start":{"line":26,"column":2},"end":{"line":41,"column":4}},"10":{"start":{"line":29,"column":53},"end":{"line":29,"column":86}}},"fnMap":{"0":{"name":"(anonymous_0)","decl":{"start":{"line":11,"column":13},"end":{"line":11,"column":14}},"loc":{"start":{"line":11,"column":32},"end":{"line":42,"column":1}},"line":11},"1":{"name":"(anonymous_1)","decl":{"start":{"line":16,"column":26},"end":{"line":16,"column":27}},"loc":{"start":{"line":16,"column":32},"end":{"line":19,"column":3}},"line":16},"2":{"name":"(anonymous_2)","decl":{"start":{"line":21,"column":26},"end":{"line":21,"column":27}},"loc":{"start":{"line":21,"column":32},"end":{"line":24,"column":3}},"line":21},"3":{"name":"(anonymous_3)","decl":{"start":{"line":29,"column":47},"end":{"line":29,"column":48}},"loc":{"start":{"line":29,"column":53},"end":{"line":29,"column":86}},"line":29}},"branchMap":{"0":{"loc":{"start":{"line":32,"column":33},"end":{"line":32,"column":82}},"type":"cond-expr","locations":[{"start":{"line":32,"column":47},"end":{"line":32,"column":64}},{"start":{"line":32,"column":67},"end":{"line":32,"column":82}}],"line":32}},"s":{"0":1,"1":1,"2":1,"3":1,"4":0,"5":0,"6":1,"7":0,"8":0,"9":1,"10":0},"f":{"0":1,"1":0,"2":0,"3":0},"b":{"0":[1,0]},"_coverageSchema":"1a1c01bbd47fc00a2c39e90264f33305004495a9","hash":"a2472820b931d2dbb01d0d849bd89b5197d29901"}
,"/Users/angelofonseca/Documents/Projetos/frontend-test-master/src/components/molecules/ListItem/styles.js": {"path":"/Users/angelofonseca/Documents/Projetos/frontend-test-master/src/components/molecules/ListItem/styles.js","statementMap":{"0":{"start":{"line":3,"column":27},"end":{"line":10,"column":1}},"1":{"start":{"line":6,"column":4},"end":{"line":9,"column":5}},"2":{"start":{"line":12,"column":24},"end":{"line":18,"column":1}},"3":{"start":{"line":20,"column":24},"end":{"line":24,"column":1}},"4":{"start":{"line":26,"column":31},"end":{"line":31,"column":1}}},"fnMap":{"0":{"name":"(anonymous_0)","decl":{"start":{"line":5,"column":4},"end":{"line":5,"column":5}},"loc":{"start":{"line":6,"column":4},"end":{"line":9,"column":5}},"line":6}},"branchMap":{"0":{"loc":{"start":{"line":7,"column":20},"end":{"line":7,"column":62}},"type":"binary-expr","locations":[{"start":{"line":7,"column":20},"end":{"line":7,"column":34}},{"start":{"line":7,"column":38},"end":{"line":7,"column":62}}],"line":7},"1":{"loc":{"start":{"line":8,"column":23},"end":{"line":8,"column":46}},"type":"binary-expr","locations":[{"start":{"line":8,"column":23},"end":{"line":8,"column":37}},{"start":{"line":8,"column":41},"end":{"line":8,"column":46}}],"line":8}},"s":{"0":1,"1":0,"2":1,"3":1,"4":1},"f":{"0":0},"b":{"0":[0,0],"1":[0,0]},"_coverageSchema":"1a1c01bbd47fc00a2c39e90264f33305004495a9","hash":"f839b7533922ffbd810ab73a6509bbce81bfbdc3"}
,"/Users/angelofonseca/Documents/Projetos/frontend-test-master/src/context/selected-item.js": {"path":"/Users/angelofonseca/Documents/Projetos/frontend-test-master/src/context/selected-item.js","statementMap":{"0":{"start":{"line":3,"column":31},"end":{"line":3,"column":63}},"1":{"start":{"line":5,"column":39},"end":{"line":9,"column":1}},"2":{"start":{"line":6,"column":28},"end":{"line":6,"column":42}},"3":{"start":{"line":8,"column":2},"end":{"line":8,"column":99}}},"fnMap":{"0":{"name":"(anonymous_0)","decl":{"start":{"line":3,"column":53},"end":{"line":3,"column":54}},"loc":{"start":{"line":3,"column":59},"end":{"line":3,"column":61}},"line":3},"1":{"name":"(anonymous_1)","decl":{"start":{"line":5,"column":39},"end":{"line":5,"column":40}},"loc":{"start":{"line":5,"column":57},"end":{"line":9,"column":1}},"line":5}},"branchMap":{},"s":{"0":1,"1":1,"2":0,"3":0},"f":{"0":0,"1":0},"b":{},"_coverageSchema":"1a1c01bbd47fc00a2c39e90264f33305004495a9","hash":"96d8499750d8761335111db07cbd29c83355b8f6"}
}
